Vivado Simulator 2016.4
Copyright 1986-1999, 2001-2016 Xilinx, Inc. All Rights Reserved.
Running: D:/xlinix/Vivado/2016.4/bin/unwrapped/win64.o/xelab.exe -wto 4dca591097cc43d4bf5ed6a63fbd71b8 --debug typical --relax --mt 2 -L xil_defaultlib -L secureip --snapshot top_behav xil_defaultlib.top -log elaborate.log 
Using 2 slave threads.
Starting static elaboration
Completed static elaboration
Starting simulation data flow analysis
Completed simulation data flow analysis
Time Resolution for simulation is 1ps
Compiling package std.standard
Compiling package std.textio
Compiling package ieee.std_logic_1164
Compiling package ieee.numeric_std
Compiling package ieee.std_logic_arith
Compiling package ieee.std_logic_unsigned
Compiling architecture behavior of entity xil_defaultlib.Register_Bank [register_bank_default]
Compiling architecture behavior of entity xil_defaultlib.IDU [idu_default]
Compiling architecture behavioral of entity xil_defaultlib.ALU [alu_default]
Compiling architecture behavior of entity xil_defaultlib.MicroController [microcontroller_default]
Compiling architecture behavior of entity xil_defaultlib.inst_ROM [inst_rom_default]
Compiling architecture behavioral of entity xil_defaultlib.top
Built simulation snapshot top_behav
